{
  "RSpec": {
    "coverage": {
      "/mnt/c/Users/ngtro/github-classroom/Service-Design-Studio/final-project-group-5-amadeus/spec/support/factory_bot.rb": {
        "lines": [
          1,
          1,
          1,
          null
        ]
      },
      "/mnt/c/Users/ngtro/github-classroom/Service-Design-Studio/final-project-group-5-amadeus/config/environment.rb": {
        "lines": [
          null,
          1,
          null,
          null,
          1
        ]
      },
      "/mnt/c/Users/ngtro/github-classroom/Service-Design-Studio/final-project-group-5-amadeus/config/application.rb": {
        "lines": [
          1,
          null,
          1,
          null,
          null,
          null,
          1,
          null,
          1,
          1,
          null,
          1,
          null,
          null,
          null,
          null,
          null,
          null,
          null,
          null,
          null,
          null
        ]
      },
      "/mnt/c/Users/ngtro/github-classroom/Service-Design-Studio/final-project-group-5-amadeus/config/boot.rb": {
        "lines": [
          1,
          null,
          1,
          1
        ]
      },
      "/mnt/c/Users/ngtro/github-classroom/Service-Design-Studio/final-project-group-5-amadeus/config/environments/test.rb": {
        "lines": [
          1,
          null,
          null,
          null,
          null,
          null,
          null,
          1,
          null,
          1,
          1,
          null,
          null,
          null,
          null,
          1,
          null,
          null,
          null,
          null,
          1,
          null,
          null,
          1,
          1,
          null,
          null,
          null,
          null,
          1,
          1,
          1,
          null,
          null,
          1,
          null,
          null,
          1,
          null,
          null,
          1,
          null,
          1,
          null,
          null,
          null,
          null,
          1,
          null,
          null,
          1,
          null,
          null,
          1,
          null,
          null,
          1,
          null,
          null,
          null,
          null,
          null,
          null,
          null
        ]
      },
      "/mnt/c/Users/ngtro/github-classroom/Service-Design-Studio/final-project-group-5-amadeus/config/initializers/assets.rb": {
        "lines": [
          null,
          null,
          null,
          1,
          null,
          null,
          null,
          null,
          null,
          null,
          null,
          null
        ]
      },
      "/mnt/c/Users/ngtro/github-classroom/Service-Design-Studio/final-project-group-5-amadeus/config/initializers/content_security_policy.rb": {
        "lines": [
          null,
          null,
          null,
          null,
          null,
          null,
          null,
          null,
          null,
          null,
          null,
          null,
          null,
          null,
          null,
          null,
          null,
          null,
          null,
          null,
          null,
          null,
          null,
          null,
          null
        ]
      },
      "/mnt/c/Users/ngtro/github-classroom/Service-Design-Studio/final-project-group-5-amadeus/config/initializers/devise.rb": {
        "lines": [
          null,
          null,
          null,
          null,
          null,
          null,
          null,
          null,
          null,
          null,
          1,
          null,
          null,
          null,
          null,
          null,
          null,
          null,
          null,
          null,
          null,
          null,
          null,
          null,
          null,
          null,
          1,
          null,
          null,
          null,
          null,
          null,
          null,
          null,
          null,
          null,
          null,
          null,
          1,
          null,
          null,
          null,
          null,
          null,
          null,
          null,
          null,
          null,
          null,
          null,
          null,
          null,
          null,
          null,
          null,
          null,
          null,
          null,
          null,
          null,
          1,
          null,
          null,
          null,
          null,
          1,
          null,
          null,
          null,
          null,
          null,
          null,
          null,
          null,
          null,
          null,
          null,
          null,
          null,
          null,
          null,
          null,
          null,
          null,
          null,
          null,
          null,
          null,
          null,
          null,
          null,
          null,
          null,
          null,
          null,
          null,
          null,
          null,
          null,
          1,
          null,
          null,
          null,
          null,
          null,
          null,
          null,
          null,
          null,
          null,
          null,
          null,
          null,
          null,
          null,
          null,
          null,
          null,
          null,
          null,
          null,
          null,
          null,
          null,
          null,
          1,
          null,
          null,
          null,
          null,
          null,
          null,
          null,
          null,
          null,
          null,
          null,
          null,
          null,
          null,
          null,
          null,
          null,
          null,
          null,
          null,
          null,
          null,
          null,
          null,
          null,
          null,
          null,
          null,
          null,
          null,
          null,
          null,
          null,
          1,
          null,
          null,
          null,
          null,
          null,
          null,
          null,
          null,
          null,
          1,
          null,
          null,
          null,
          null,
          null,
          null,
          null,
          null,
          null,
          null,
          1,
          null,
          null,
          null,
          null,
          1,
          null,
          null,
          null,
          null,
          null,
          null,
          null,
          null,
          null,
          null,
          null,
          null,
          null,
          null,
          null,
          null,
          null,
          null,
          null,
          null,
          null,
          null,
          null,
          null,
          null,
          null,
          null,
          null,
          null,
          null,
          null,
          null,
          null,
          null,
          null,
          null,
          null,
          null,
          null,
          null,
          1,
          null,
          null,
          null,
          null,
          null,
          null,
          null,
          null,
          null,
          null,
          null,
          null,
          null,
          null,
          null,
          null,
          null,
          null,
          null,
          null,
          null,
          null,
          null,
          null,
          null,
          null,
          null,
          null,
          null,
          null,
          null,
          null,
          null,
          null,
          null,
          null,
          null,
          null,
          null,
          null,
          null,
          1,
          null,
          null,
          null,
          null,
          null,
          null,
          null,
          null,
          null,
          null,
          null,
          null,
          null,
          null,
          null,
          null,
          null,
          null,
          null,
          null,
          null,
          null,
          null,
          null,
          null,
          null,
          null,
          null,
          null,
          null,
          null,
          null,
          null,
          null,
          null,
          null,
          null,
          null,
          null,
          null,
          null,
          null
        ]
      },
      "/mnt/c/Users/ngtro/github-classroom/Service-Design-Studio/final-project-group-5-amadeus/config/initializers/filter_parameter_logging.rb": {
        "lines": [
          null,
          null,
          null,
          null,
          null,
          1,
          null,
          null
        ]
      },
      "/mnt/c/Users/ngtro/github-classroom/Service-Design-Studio/final-project-group-5-amadeus/config/initializers/friendly_id.rb": {
        "lines": [
          null,
          null,
          null,
          null,
          null,
          null,
          null,
          null,
          null,
          null,
          null,
          1,
          null,
          null,
          null,
          null,
          2,
          null,
          2,
          null,
          null,
          null,
          null,
          null,
          null,
          null,
          null,
          null,
          null,
          null,
          null,
          null,
          null,
          null,
          null,
          null,
          null,
          null,
          null,
          null,
          null,
          null,
          null,
          null,
          null,
          null,
          null,
          null,
          null,
          null,
          null,
          null,
          null,
          null,
          null,
          null,
          null,
          null,
          null,
          null,
          null,
          null,
          null,
          null,
          null,
          null,
          null,
          null,
          null,
          null,
          null,
          null,
          null,
          null,
          null,
          null,
          null,
          null,
          null,
          null,
          null,
          null,
          null,
          null,
          null,
          null,
          null,
          null,
          null,
          null,
          null,
          null,
          null,
          null,
          null,
          null,
          null,
          null,
          null,
          null,
          null,
          null,
          null,
          null,
          null,
          null,
          null
        ]
      },
      "/mnt/c/Users/ngtro/github-classroom/Service-Design-Studio/final-project-group-5-amadeus/config/initializers/inflections.rb": {
        "lines": [
          null,
          null,
          null,
          null,
          null,
          null,
          null,
          null,
          null,
          null,
          null,
          null,
          null,
          null,
          null,
          null
        ]
      },
      "/mnt/c/Users/ngtro/github-classroom/Service-Design-Studio/final-project-group-5-amadeus/config/initializers/permissions_policy.rb": {
        "lines": [
          null,
          null,
          null,
          null,
          null,
          null,
          null,
          null,
          null,
          null,
          null
        ]
      },
      "/mnt/c/Users/ngtro/github-classroom/Service-Design-Studio/final-project-group-5-amadeus/spec/factories.rb": {
        "lines": [
          1,
          null,
          1,
          48,
          48,
          null,
          null
        ]
      },
      "/mnt/c/Users/ngtro/github-classroom/Service-Design-Studio/final-project-group-5-amadeus/config/routes.rb": {
        "lines": [
          1,
          null,
          null,
          1,
          1,
          null,
          null,
          1,
          null,
          1,
          1,
          1,
          1,
          null,
          1,
          1,
          null,
          null,
          1,
          1,
          null,
          1,
          1,
          1,
          null,
          1,
          null,
          1,
          null,
          null,
          null
        ]
      },
      "/mnt/c/Users/ngtro/github-classroom/Service-Design-Studio/final-project-group-5-amadeus/app/models/user.rb": {
        "lines": [
          1,
          null,
          null,
          1,
          null,
          null,
          null,
          1,
          null,
          null
        ]
      },
      "/mnt/c/Users/ngtro/github-classroom/Service-Design-Studio/final-project-group-5-amadeus/app/models/application_record.rb": {
        "lines": [
          1,
          1,
          null
        ]
      },
      "/mnt/c/Users/ngtro/github-classroom/Service-Design-Studio/final-project-group-5-amadeus/app/helpers/application_helper.rb": {
        "lines": [
          1,
          null
        ]
      },
      "/mnt/c/Users/ngtro/github-classroom/Service-Design-Studio/final-project-group-5-amadeus/app/models/category.rb": {
        "lines": [
          1,
          1,
          1,
          null,
          1,
          1,
          null,
          1,
          15,
          15,
          7,
          8,
          0,
          8,
          0,
          8,
          0,
          null,
          8,
          8,
          null,
          15,
          null,
          null,
          1,
          8,
          null,
          null,
          1,
          1,
          1,
          0,
          null,
          1,
          null,
          null
        ]
      },
      "/mnt/c/Users/ngtro/github-classroom/Service-Design-Studio/final-project-group-5-amadeus/spec/models/concerns/flash_string_spec.rb": {
        "lines": [
          1,
          null,
          1,
          null,
          1,
          2,
          null,
          1,
          2,
          null,
          1,
          2,
          null,
          null,
          null,
          null,
          1,
          null,
          1,
          2,
          null,
          1,
          2,
          null,
          1,
          2,
          null,
          1,
          2,
          null,
          1,
          2,
          null,
          null,
          null
        ]
      },
      "/mnt/c/Users/ngtro/github-classroom/Service-Design-Studio/final-project-group-5-amadeus/app/models/concerns/flash_string.rb": {
        "lines": [
          1,
          1,
          1,
          null,
          1,
          1,
          1,
          null,
          null,
          1,
          1,
          1,
          null,
          null,
          1,
          1,
          1,
          5,
          null,
          null,
          1,
          5,
          null,
          null,
          1,
          1,
          null,
          null,
          null,
          1,
          1,
          1,
          10,
          null,
          null,
          1,
          1,
          null,
          null,
          1,
          1,
          null,
          null,
          1,
          1,
          null,
          null,
          1,
          1,
          null,
          null,
          null
        ]
      },
      "/mnt/c/Users/ngtro/github-classroom/Service-Design-Studio/final-project-group-5-amadeus/spec/models/topic_spec.rb": {
        "lines": [
          1,
          null,
          1,
          null,
          1,
          2,
          2,
          null,
          null,
          null
        ]
      },
      "/mnt/c/Users/ngtro/github-classroom/Service-Design-Studio/final-project-group-5-amadeus/app/models/topic.rb": {
        "lines": [
          1,
          1,
          1,
          null,
          1,
          1,
          null,
          1,
          3,
          3,
          1,
          2,
          0,
          2,
          0,
          2,
          0,
          null,
          2,
          2,
          null,
          3,
          null,
          null,
          1,
          1,
          null,
          null
        ]
      },
      "/mnt/c/Users/ngtro/github-classroom/Service-Design-Studio/final-project-group-5-amadeus/spec/models/upload_category_link_spec.rb": {
        "lines": [
          1,
          null,
          1,
          2,
          2,
          null
        ]
      },
      "/mnt/c/Users/ngtro/github-classroom/Service-Design-Studio/final-project-group-5-amadeus/app/models/upload_category_link.rb": {
        "lines": [
          1,
          1,
          1,
          null
        ]
      },
      "/mnt/c/Users/ngtro/github-classroom/Service-Design-Studio/final-project-group-5-amadeus/spec/models/upload_spec.rb": {
        "lines": [
          1,
          1,
          1,
          1,
          1,
          14,
          null,
          null,
          null,
          null,
          null,
          null,
          1,
          2,
          2,
          2,
          2,
          2,
          null,
          null,
          1,
          2,
          null,
          null,
          1,
          2,
          2,
          null,
          null,
          1,
          2,
          2,
          null,
          null,
          1,
          2,
          2,
          null,
          null,
          1,
          2,
          2,
          null,
          null,
          null,
          null,
          null,
          null,
          1,
          2,
          2,
          null,
          null,
          null,
          null,
          null,
          null,
          null,
          1,
          2,
          2,
          null,
          null,
          1,
          2,
          2,
          null,
          null,
          1,
          2,
          2,
          null,
          null,
          1,
          2,
          2,
          null,
          null,
          null,
          null,
          null,
          1,
          2,
          2,
          null,
          1,
          2,
          2,
          null,
          1,
          2,
          2,
          null,
          1,
          2,
          2,
          null,
          1,
          2,
          2,
          null,
          null
        ]
      },
      "/mnt/c/Users/ngtro/github-classroom/Service-Design-Studio/final-project-group-5-amadeus/app/models/upload.rb": {
        "lines": [
          1,
          null,
          1,
          1,
          null,
          1,
          1,
          1,
          1,
          1,
          1,
          1,
          null,
          1,
          29,
          null,
          null,
          1,
          0,
          null,
          null,
          1,
          2,
          null,
          null,
          1,
          null,
          1,
          5,
          null,
          5,
          12,
          0,
          null,
          null,
          null,
          5,
          0,
          5,
          0,
          5,
          2,
          3,
          0,
          0,
          null,
          3,
          3,
          3,
          3,
          0,
          0,
          null,
          3,
          null,
          null,
          5,
          null,
          null,
          1,
          3,
          null,
          3,
          3,
          2,
          null,
          null,
          3,
          2,
          1,
          0,
          1,
          0,
          1,
          0,
          null,
          1,
          1,
          1,
          0,
          null,
          1,
          1,
          1,
          1,
          null,
          0,
          0,
          null,
          null,
          3,
          null,
          null,
          1,
          1,
          1,
          0,
          1,
          1,
          null,
          0,
          0,
          0,
          null,
          1,
          null,
          null,
          null,
          1,
          null,
          5,
          3,
          3,
          3,
          null,
          3,
          null,
          3,
          3,
          null,
          2,
          null,
          null,
          null,
          1,
          0,
          0,
          0,
          0,
          0,
          0,
          null,
          null,
          null,
          null,
          0,
          0,
          0,
          0,
          0,
          0,
          null,
          null,
          null,
          1,
          1,
          0,
          0,
          0,
          0,
          0,
          null,
          0,
          null,
          null,
          null,
          null,
          1,
          0,
          0,
          0,
          0,
          0,
          null,
          0,
          null,
          null,
          null,
          null,
          1,
          1,
          1,
          1,
          1,
          1,
          1,
          null,
          null,
          null,
          1,
          6,
          null,
          null,
          1,
          6,
          null,
          null,
          1,
          6,
          null,
          null,
          1,
          0,
          null,
          null,
          1,
          8,
          null,
          null,
          1,
          0,
          null,
          null,
          1,
          1,
          null,
          null,
          1,
          1,
          null,
          null,
          1,
          3,
          null,
          null,
          1,
          4,
          null,
          null,
          1,
          2,
          null,
          null
        ]
      },
      "/mnt/c/Users/ngtro/github-classroom/Service-Design-Studio/final-project-group-5-amadeus/spec/models/uploadlink_spec.rb": {
        "lines": [
          1,
          null,
          1,
          2,
          2,
          null
        ]
      },
      "/mnt/c/Users/ngtro/github-classroom/Service-Design-Studio/final-project-group-5-amadeus/app/models/uploadlink.rb": {
        "lines": [
          1,
          1,
          1,
          null
        ]
      },
      "/mnt/c/Users/ngtro/github-classroom/Service-Design-Studio/final-project-group-5-amadeus/spec/models/zip_upload_spec.rb": {
        "lines": [
          1,
          null,
          1,
          1,
          1,
          1,
          null,
          null,
          null,
          null,
          null,
          1,
          2,
          null,
          null,
          1,
          2,
          null,
          null,
          1,
          2,
          2,
          null,
          null
        ]
      },
      "/mnt/c/Users/ngtro/github-classroom/Service-Design-Studio/final-project-group-5-amadeus/app/models/zip_upload.rb": {
        "lines": [
          1,
          null,
          1,
          1,
          1,
          1,
          1,
          null,
          1,
          null,
          1,
          1,
          null,
          1,
          1,
          null,
          2,
          2,
          2,
          2,
          2,
          2,
          2,
          null,
          2,
          null,
          null,
          null,
          null,
          null,
          null
        ]
      },
      "/mnt/c/Users/ngtro/github-classroom/Service-Design-Studio/final-project-group-5-amadeus/spec/requests/application_spec.rb": {
        "lines": [
          1,
          null,
          1,
          1,
          13,
          null,
          null,
          1,
          10,
          null,
          null,
          1,
          3,
          null,
          null,
          1,
          1,
          1,
          1,
          1,
          null,
          null,
          null,
          1,
          1,
          1,
          1,
          1,
          null,
          null,
          null,
          1,
          1,
          1,
          1,
          null,
          null,
          null,
          1,
          1,
          1,
          1,
          1,
          null,
          null,
          null,
          1,
          1,
          1,
          1,
          1,
          null,
          null,
          null,
          1,
          1,
          1,
          null,
          null,
          null,
          1,
          1,
          1,
          1,
          null,
          null,
          null,
          1,
          1,
          1,
          null,
          null,
          null,
          null,
          1,
          1,
          1,
          2,
          null,
          null,
          1,
          1,
          1,
          1,
          1,
          null,
          null,
          1,
          1,
          1,
          1,
          1,
          null,
          null,
          null,
          1,
          1,
          1,
          1,
          1,
          null,
          null,
          null,
          null,
          1,
          1,
          1,
          1,
          1,
          null,
          null,
          null,
          1,
          1,
          1,
          1,
          null,
          null,
          null
        ]
      },
      "/mnt/c/Users/ngtro/github-classroom/Service-Design-Studio/final-project-group-5-amadeus/spec/requests/categories_spec.rb": {
        "lines": [
          1,
          null,
          1,
          1,
          13,
          null,
          null,
          1,
          10,
          null,
          null,
          1,
          3,
          null,
          null,
          1,
          1,
          1,
          1,
          1,
          null,
          null,
          null,
          1,
          1,
          1,
          1,
          1,
          null,
          null,
          null,
          1,
          1,
          1,
          1,
          null,
          null,
          null,
          1,
          1,
          1,
          1,
          1,
          null,
          null,
          null,
          1,
          1,
          1,
          1,
          1,
          null,
          null,
          null,
          1,
          1,
          1,
          null,
          null,
          null,
          1,
          1,
          1,
          1,
          null,
          null,
          null,
          1,
          1,
          1,
          null,
          null,
          null,
          null,
          1,
          1,
          1,
          2,
          null,
          null,
          1,
          1,
          1,
          1,
          1,
          null,
          null,
          1,
          1,
          1,
          1,
          1,
          null,
          null,
          null,
          1,
          1,
          1,
          1,
          1,
          null,
          null,
          null,
          null,
          1,
          1,
          1,
          1,
          1,
          null,
          null,
          null,
          1,
          1,
          1,
          1,
          null,
          null,
          null
        ]
      },
      "/mnt/c/Users/ngtro/github-classroom/Service-Design-Studio/final-project-group-5-amadeus/spec/requests/topics_spec.rb": {
        "lines": [
          1,
          null,
          null,
          1,
          1,
          3,
          null,
          null,
          1,
          3,
          null,
          null,
          1,
          1,
          null,
          null,
          null,
          null,
          null,
          null,
          null,
          null,
          null,
          null,
          null,
          null,
          null,
          null,
          null,
          null,
          null,
          null,
          null,
          null,
          null,
          null,
          null,
          null,
          null,
          null,
          null,
          null,
          null,
          null,
          null,
          null,
          null,
          null,
          null,
          null,
          null,
          null,
          null,
          null,
          null,
          null,
          null,
          null,
          null,
          null,
          null,
          null,
          null,
          null,
          null,
          null,
          null,
          null,
          null,
          null,
          null,
          null,
          null,
          null,
          null,
          1,
          1,
          1,
          2,
          null,
          null,
          1,
          1,
          1,
          1,
          1,
          null,
          null,
          1,
          1,
          1,
          1,
          1,
          null,
          null,
          null,
          1,
          1,
          1,
          1,
          1,
          null,
          null,
          null,
          null,
          null,
          null,
          null,
          null,
          null,
          null,
          null,
          null,
          null,
          null,
          null,
          null,
          null,
          null,
          null
        ]
      },
      "/mnt/c/Users/ngtro/github-classroom/Service-Design-Studio/final-project-group-5-amadeus/spec/requests/upload_category_links_spec.rb": {
        "lines": [
          1,
          null,
          1,
          1,
          1,
          1,
          5,
          null,
          null,
          null,
          null,
          null,
          1,
          null,
          1,
          null,
          null,
          null,
          null,
          1,
          2,
          null,
          null,
          1,
          5,
          null,
          1,
          1,
          1,
          2,
          null,
          null,
          null,
          null,
          null,
          null,
          1,
          1,
          1,
          1,
          1,
          1,
          1,
          null,
          1,
          1,
          1,
          1,
          1,
          1,
          1,
          null,
          null,
          null,
          1,
          1,
          1,
          1,
          1,
          null,
          null,
          null,
          1,
          1,
          1,
          1,
          1,
          1,
          1,
          null,
          null,
          null,
          1,
          1,
          1,
          1,
          1,
          1,
          null,
          null,
          null
        ]
      },
      "/mnt/c/Users/ngtro/github-classroom/Service-Design-Studio/final-project-group-5-amadeus/spec/requests/uploads_spec.rb": {
        "lines": [
          1,
          1,
          null,
          null,
          1,
          null,
          1,
          1,
          1,
          13,
          null,
          1,
          10,
          null,
          null,
          null,
          null,
          null,
          1,
          null,
          3,
          null,
          null,
          null,
          null,
          1,
          1,
          1,
          1,
          1,
          null,
          null,
          null,
          1,
          1,
          1,
          1,
          1,
          null,
          null,
          null,
          1,
          1,
          1,
          1,
          null,
          null,
          null,
          1,
          1,
          1,
          1,
          1,
          null,
          null,
          null,
          1,
          1,
          1,
          1,
          1,
          null,
          null,
          null,
          1,
          1,
          1,
          null,
          null,
          null,
          1,
          1,
          1,
          1,
          null,
          null,
          null,
          1,
          1,
          1,
          null,
          null,
          null,
          null,
          1,
          1,
          1,
          2,
          null,
          null,
          null,
          null,
          null,
          null,
          1,
          1,
          1,
          1,
          1,
          null,
          1,
          1,
          1,
          1,
          1,
          null,
          null,
          null,
          1,
          1,
          1,
          1,
          1,
          null,
          null,
          null,
          null,
          1,
          1,
          1,
          1,
          1,
          null,
          null,
          null,
          1,
          1,
          1,
          1,
          null,
          null,
          null
        ]
      },
      "/mnt/c/Users/ngtro/github-classroom/Service-Design-Studio/final-project-group-5-amadeus/spec/routing/categories_routing_spec.rb": {
        "lines": [
          1,
          null,
          1,
          1,
          1,
          1,
          null,
          null,
          1,
          1,
          null,
          null,
          1,
          1,
          null,
          null,
          1,
          1,
          null,
          null,
          null,
          1,
          1,
          null,
          null,
          1,
          1,
          null,
          null,
          1,
          1,
          null,
          null,
          1,
          1,
          null,
          null,
          null
        ]
      },
      "/mnt/c/Users/ngtro/github-classroom/Service-Design-Studio/final-project-group-5-amadeus/app/controllers/categories_controller.rb": {
        "lines": [
          1,
          1,
          1,
          null,
          null,
          1,
          2,
          null,
          null,
          null,
          1,
          null,
          null,
          null,
          1,
          2,
          null,
          null,
          null,
          1,
          null,
          null,
          null,
          1,
          8,
          null,
          8,
          8,
          8,
          8,
          4,
          4,
          8,
          4,
          null,
          4,
          8,
          4,
          null,
          null,
          null,
          null,
          null,
          1,
          6,
          6,
          6,
          6,
          4,
          4,
          8,
          4,
          4,
          null,
          2,
          4,
          2,
          2,
          null,
          null,
          null,
          null,
          null,
          1,
          4,
          4,
          4,
          8,
          4,
          null,
          null,
          null,
          1,
          null,
          1,
          14,
          null,
          null,
          1,
          34,
          null,
          null
        ]
      },
      "/mnt/c/Users/ngtro/github-classroom/Service-Design-Studio/final-project-group-5-amadeus/app/controllers/application_controller.rb": {
        "lines": [
          1,
          null,
          1,
          0,
          null,
          null,
          1,
          38,
          0,
          0,
          null,
          null,
          null,
          1,
          0,
          null,
          null,
          1,
          0,
          null,
          null
        ]
      },
      "/mnt/c/Users/ngtro/github-classroom/Service-Design-Studio/final-project-group-5-amadeus/spec/routing/topics_routing_spec.rb": {
        "lines": [
          1,
          null,
          1,
          1,
          1,
          1,
          null,
          null,
          1,
          1,
          null,
          null,
          1,
          1,
          null,
          null,
          1,
          1,
          null,
          null,
          null,
          1,
          1,
          null,
          null,
          1,
          1,
          null,
          null,
          1,
          1,
          null,
          null,
          1,
          1,
          null,
          null,
          null
        ]
      },
      "/mnt/c/Users/ngtro/github-classroom/Service-Design-Studio/final-project-group-5-amadeus/app/controllers/topics_controller.rb": {
        "lines": [
          1,
          1,
          null,
          null,
          1,
          3,
          3,
          3,
          3,
          2,
          2,
          4,
          2,
          2,
          null,
          1,
          2,
          1,
          1,
          null,
          null,
          null,
          null,
          1,
          null,
          1,
          3,
          null,
          null,
          null,
          1,
          7,
          null,
          null
        ]
      },
      "/mnt/c/Users/ngtro/github-classroom/Service-Design-Studio/final-project-group-5-amadeus/spec/routing/upload_category_links_routing_spec.rb": {
        "lines": [
          1,
          null,
          1,
          1,
          1,
          1,
          null,
          null,
          1,
          1,
          null,
          null,
          1,
          1,
          null,
          null,
          null,
          null,
          1,
          1,
          null,
          null,
          1,
          1,
          null,
          null,
          1,
          1,
          null,
          null,
          1,
          1,
          null,
          null,
          null
        ]
      },
      "/mnt/c/Users/ngtro/github-classroom/Service-Design-Studio/final-project-group-5-amadeus/app/controllers/upload_category_links_controller.rb": {
        "lines": [
          1,
          1,
          null,
          null,
          1,
          null,
          null,
          null,
          1,
          2,
          2,
          2,
          0,
          0,
          null,
          0,
          null,
          0,
          0,
          null,
          null,
          null,
          null,
          null,
          2,
          4,
          2,
          2,
          null,
          null,
          null,
          null,
          null,
          1,
          2,
          null,
          2,
          null,
          4,
          2,
          null,
          null,
          null,
          1,
          1,
          4,
          4,
          4,
          4,
          null,
          null,
          null
        ]
      },
      "/mnt/c/Users/ngtro/github-classroom/Service-Design-Studio/final-project-group-5-amadeus/spec/routing/uploads_routing_spec.rb": {
        "lines": [
          1,
          null,
          1,
          1,
          1,
          1,
          null,
          null,
          1,
          1,
          null,
          null,
          1,
          1,
          null,
          null,
          null,
          1,
          1,
          null,
          null,
          1,
          1,
          null,
          null,
          1,
          1,
          null,
          null,
          1,
          1,
          null,
          null,
          null
        ]
      },
      "/mnt/c/Users/ngtro/github-classroom/Service-Design-Studio/final-project-group-5-amadeus/app/controllers/uploads_controller.rb": {
        "lines": [
          1,
          null,
          1,
          1,
          1,
          1,
          null,
          null,
          1,
          2,
          null,
          null,
          null,
          1,
          null,
          null,
          null,
          1,
          1,
          null,
          null,
          null,
          1,
          null,
          null,
          1,
          4,
          4,
          4,
          null,
          4,
          4,
          4,
          8,
          null,
          null,
          null,
          null,
          null,
          1,
          4,
          null,
          4,
          4,
          4,
          2,
          4,
          2,
          null,
          2,
          4,
          2,
          null,
          null,
          0,
          0,
          0,
          0,
          0,
          0,
          null,
          0,
          0,
          0,
          null,
          null,
          0,
          0,
          0,
          0,
          0,
          0,
          null,
          0,
          0,
          0,
          null,
          null,
          null,
          null,
          null,
          null,
          1,
          2,
          null,
          2,
          2,
          4,
          2,
          null,
          null,
          null,
          1,
          null,
          1,
          5,
          5,
          5,
          5,
          null,
          null,
          null,
          1,
          7,
          null,
          null,
          null,
          1,
          0,
          null,
          null,
          null,
          1,
          2,
          null,
          null
        ]
      },
      "/mnt/c/Users/ngtro/github-classroom/Service-Design-Studio/final-project-group-5-amadeus/spec/workers/report_worker_spec.rb": {
        "lines": [
          1,
          null,
          1,
          null,
          1,
          2,
          null,
          null,
          null
        ]
      },
      "/mnt/c/Users/ngtro/github-classroom/Service-Design-Studio/final-project-group-5-amadeus/app/workers/report_worker.rb": {
        "lines": [
          1,
          1,
          1,
          null,
          null,
          1,
          1,
          0,
          1,
          0,
          1,
          null,
          null,
          null,
          null,
          null
        ]
      },
      "/mnt/c/Users/ngtro/github-classroom/Service-Design-Studio/final-project-group-5-amadeus/app/models/concerns/extract_pdf.rb": {
        "lines": [
          1,
          1,
          null,
          1,
          1,
          null,
          1,
          2,
          2,
          2,
          7,
          7,
          7,
          7,
          2,
          null,
          null,
          2,
          null,
          null,
          1,
          7,
          7,
          null,
          null,
          7,
          1240,
          21,
          null,
          null,
          7,
          7,
          2,
          2,
          null,
          null,
          null,
          5,
          5,
          5,
          null,
          null,
          1,
          5,
          null,
          276,
          53,
          null,
          null,
          223,
          223,
          16,
          null,
          null,
          5,
          null,
          null,
          1,
          7,
          7,
          7,
          7,
          7,
          7,
          7,
          null,
          null
        ]
      }
    },
    "timestamp": 1660230815
  }
}
